<?xml version="1.0" encoding="UTF-8"?>
<!-- Generated by org.testng.reporters.JUnitReportReporter -->
<testsuite hostname="user-310" failures="0" tests="2" name="com.abhayam.tests.Cookies" time="12.137" errors="0" timestamp="2025-04-04T17:27:53 IST" skipped="0">
  <testcase classname="com.abhayam.tests.Cookies" name="testAddAndGetCookie" time="5.980"/>
  <testcase classname="com.abhayam.tests.Cookies" name="testDeleteAllCookies" time="6.157"/>
</testsuite> <!-- com.abhayam.tests.Cookies -->
